<?xml version="1.0" encoding="UTF-8"?>
<coverage generated="1773826569342" clover="3.2.0">
  <project timestamp="1773826569342" name="All files">
    <metrics statements="20" coveredstatements="20" conditionals="4" coveredconditionals="4" methods="7" coveredmethods="6" elements="31" coveredelements="30" complexity="0" loc="20" ncloc="20" packages="1" files="3" classes="3"/>
    <file name="Note.jsx" path="C:\Users\Libina\Documents\fullstack_workshop\Part2\notes-app\src\components\Note.jsx">
      <metrics statements="2" coveredstatements="2" conditionals="0" coveredconditionals="0" methods="1" coveredmethods="1"/>
      <line num="1" count="1" type="stmt"/>
      <line num="2" count="4" type="stmt"/>
    </file>
    <file name="NotesForm.jsx" path="C:\Users\Libina\Documents\fullstack_workshop\Part2\notes-app\src\components\NotesForm.jsx">
      <metrics statements="8" coveredstatements="8" conditionals="0" coveredconditionals="0" methods="3" coveredmethods="3"/>
      <line num="3" count="1" type="stmt"/>
      <line num="4" count="19" type="stmt"/>
      <line num="6" count="19" type="stmt"/>
      <line num="7" count="1" type="stmt"/>
      <line num="8" count="1" type="stmt"/>
      <line num="13" count="1" type="stmt"/>
      <line num="16" count="19" type="stmt"/>
      <line num="26" count="17" type="stmt"/>
    </file>
    <file name="Togglable.jsx" path="C:\Users\Libina\Documents\fullstack_workshop\Part2\notes-app\src\components\Togglable.jsx">
      <metrics statements="10" coveredstatements="10" conditionals="4" coveredconditionals="4" methods="3" coveredmethods="2"/>
      <line num="4" count="1" type="stmt"/>
      <line num="5" count="7" type="stmt"/>
      <line num="7" count="7" type="cond" truecount="2" falsecount="0"/>
      <line num="8" count="7" type="cond" truecount="2" falsecount="0"/>
      <line num="10" count="7" type="stmt"/>
      <line num="11" count="3" type="stmt"/>
      <line num="14" count="7" type="stmt"/>
      <line num="18" count="7" type="stmt"/>
      <line num="32" count="1" type="stmt"/>
      <line num="36" count="1" type="stmt"/>
    </file>
  </project>
</coverage>
