{"C:\\Users\\Libina\\Documents\\fullstack_workshop\\Part2\\notes-app\\src\\components\\Note.jsx": {"path":"C:\\Users\\Libina\\Documents\\fullstack_workshop\\Part2\\notes-app\\src\\components\\Note.jsx","statementMap":{"0":{"start":{"line":1,"column":6},"end":{"line":8,"column":null}},"1":{"start":{"line":2,"column":2},"end":{"line":8,"column":null}}},"fnMap":{"0":{"name":"(anonymous_0)","decl":{"start":{"line":1,"column":6},"end":{"line":1,"column":14}},"loc":{"start":{"line":1,"column":39},"end":{"line":8,"column":null}},"line":1}},"branchMap":{},"s":{"0":1,"1":4},"f":{"0":4},"b":{},"meta":{"lastBranch":0,"lastFunction":1,"lastStatement":2,"seen":{"s:1:6:8:Infinity":0,"f:1:6:1:14":0,"s:2:2:8:Infinity":1}}}
,"C:\\Users\\Libina\\Documents\\fullstack_workshop\\Part2\\notes-app\\src\\components\\NotesForm.jsx": {"path":"C:\\Users\\Libina\\Documents\\fullstack_workshop\\Part2\\notes-app\\src\\components\\NotesForm.jsx","statementMap":{"0":{"start":{"line":3,"column":6},"end":{"line":30,"column":null}},"1":{"start":{"line":4,"column":18},"end":{"line":4,"column":44}},"2":{"start":{"line":6,"column":8},"end":{"line":13,"column":null}},"3":{"start":{"line":7,"column":4},"end":{"line":7,"column":null}},"4":{"start":{"line":8,"column":4},"end":{"line":11,"column":null}},"5":{"start":{"line":13,"column":4},"end":{"line":13,"column":null}},"6":{"start":{"line":16,"column":2},"end":{"line":30,"column":null}},"7":{"start":{"line":26,"column":29},"end":{"line":26,"column":60}}},"fnMap":{"0":{"name":"(anonymous_0)","decl":{"start":{"line":3,"column":6},"end":{"line":3,"column":18}},"loc":{"start":{"line":3,"column":37},"end":{"line":30,"column":null}},"line":3},"1":{"name":"(anonymous_1)","decl":{"start":{"line":6,"column":8},"end":{"line":6,"column":19}},"loc":{"start":{"line":6,"column":29},"end":{"line":13,"column":null}},"line":6},"2":{"name":"(anonymous_2)","decl":{"start":{"line":26,"column":10},"end":{"line":26,"column":20}},"loc":{"start":{"line":26,"column":29},"end":{"line":26,"column":60}},"line":26}},"branchMap":{},"s":{"0":1,"1":19,"2":19,"3":1,"4":1,"5":1,"6":19,"7":17},"f":{"0":19,"1":1,"2":17},"b":{},"meta":{"lastBranch":0,"lastFunction":3,"lastStatement":8,"seen":{"s:3:6:30:Infinity":0,"f:3:6:3:18":0,"s:4:18:4:44":1,"s:6:8:13:Infinity":2,"f:6:8:6:19":1,"s:7:4:7:Infinity":3,"s:8:4:11:Infinity":4,"s:13:4:13:Infinity":5,"s:16:2:30:Infinity":6,"f:26:10:26:20":2,"s:26:29:26:60":7}}}
,"C:\\Users\\Libina\\Documents\\fullstack_workshop\\Part2\\notes-app\\src\\components\\Togglable.jsx": {"path":"C:\\Users\\Libina\\Documents\\fullstack_workshop\\Part2\\notes-app\\src\\components\\Togglable.jsx","statementMap":{"0":{"start":{"line":4,"column":6},"end":{"line":30,"column":null}},"1":{"start":{"line":5,"column":18},"end":{"line":5,"column":47}},"2":{"start":{"line":7,"column":26},"end":{"line":7,"column":60}},"3":{"start":{"line":8,"column":26},"end":{"line":8,"column":60}},"4":{"start":{"line":10,"column":8},"end":{"line":11,"column":null}},"5":{"start":{"line":11,"column":4},"end":{"line":11,"column":null}},"6":{"start":{"line":14,"column":2},"end":{"line":16,"column":null}},"7":{"start":{"line":14,"column":34},"end":{"line":15,"column":null}},"8":{"start":{"line":18,"column":2},"end":{"line":28,"column":null}},"9":{"start":{"line":32,"column":0},"end":{"line":34,"column":null}},"10":{"start":{"line":36,"column":0},"end":{"line":36,"column":null}}},"fnMap":{"0":{"name":"(anonymous_0)","decl":{"start":{"line":4,"column":18},"end":{"line":4,"column":30}},"loc":{"start":{"line":4,"column":65},"end":{"line":30,"column":null}},"line":4},"1":{"name":"(anonymous_1)","decl":{"start":{"line":10,"column":8},"end":{"line":10,"column":33}},"loc":{"start":{"line":10,"column":33},"end":{"line":11,"column":null}},"line":10},"2":{"name":"(anonymous_2)","decl":{"start":{"line":14,"column":22},"end":{"line":14,"column":34}},"loc":{"start":{"line":14,"column":34},"end":{"line":15,"column":null}},"line":14}},"branchMap":{"0":{"loc":{"start":{"line":7,"column":37},"end":{"line":7,"column":60}},"type":"cond-expr","locations":[{"start":{"line":7,"column":47},"end":{"line":7,"column":56}},{"start":{"line":7,"column":56},"end":{"line":7,"column":60}}],"line":7},"1":{"loc":{"start":{"line":8,"column":37},"end":{"line":8,"column":60}},"type":"cond-expr","locations":[{"start":{"line":8,"column":47},"end":{"line":8,"column":52}},{"start":{"line":8,"column":52},"end":{"line":8,"column":60}}],"line":8}},"s":{"0":1,"1":7,"2":7,"3":7,"4":7,"5":3,"6":7,"7":0,"8":7,"9":1,"10":1},"f":{"0":7,"1":3,"2":0},"b":{"0":[2,5],"1":[2,5]},"meta":{"lastBranch":2,"lastFunction":3,"lastStatement":11,"seen":{"s:4:6:30:Infinity":0,"f:4:18:4:30":0,"s:5:18:5:47":1,"s:7:26:7:60":2,"b:7:47:7:56:7:56:7:60":0,"s:8:26:8:60":3,"b:8:47:8:52:8:52:8:60":1,"s:10:8:11:Infinity":4,"f:10:8:10:33":1,"s:11:4:11:Infinity":5,"s:14:2:16:Infinity":6,"f:14:22:14:34":2,"s:14:34:15:Infinity":7,"s:18:2:28:Infinity":8,"s:32:0:34:Infinity":9,"s:36:0:36:Infinity":10}}}
}
